<?xml version="1.0" encoding="UTF-8"?>
<!-- Generated by org.testng.reporters.JUnitReportReporter -->
<testsuite hostname="Aneetha" failures="0" tests="1" name="restAPI.PostRequest" time="2.206" errors="0" timestamp="18 July 2023 01:46:03 GMT" skipped="0">
  <testcase classname="restAPI.PostRequest" name="test1" time="2.206"/>
</testsuite> <!-- restAPI.PostRequest -->
