<?xml version="1.0" encoding="UTF-8"?>
<!-- Generated by org.testng.reporters.JUnitReportReporter -->
<testsuite hostname="Aneetha" failures="0" tests="1" name="restAPI.GetRequest" time="1.565" errors="0" timestamp="18 July 2023 03:16:53 GMT" skipped="0">
  <testcase classname="restAPI.GetRequest" name="test1" time="1.565"/>
</testsuite> <!-- restAPI.GetRequest -->
